Determining if the pthread_create exist failed with the following output:
Change Dir: /home/tang/backup2/build/CMakeFiles/CMakeTmp

Run Build Command:"/usr/bin/make" "cmTC_265f7/fast"
/usr/bin/make -f CMakeFiles/cmTC_265f7.dir/build.make CMakeFiles/cmTC_265f7.dir/build
make[1]: Entering directory '/home/tang/backup2/build/CMakeFiles/CMakeTmp'
Building C object CMakeFiles/cmTC_265f7.dir/CheckSymbolExists.c.o
/usr/bin/cc     -o CMakeFiles/cmTC_265f7.dir/CheckSymbolExists.c.o   -c /home/tang/backup2/build/CMakeFiles/CMakeTmp/CheckSymbolExists.c
Linking C executable cmTC_265f7
/usr/bin/cmake -E cmake_link_script CMakeFiles/cmTC_265f7.dir/link.txt --verbose=1
/usr/bin/cc       CMakeFiles/cmTC_265f7.dir/CheckSymbolExists.c.o  -o cmTC_265f7 -rdynamic 
CMakeFiles/cmTC_265f7.dir/CheckSymbolExists.c.o: In function `main':
CheckSymbolExists.c:(.text+0x16): undefined reference to `pthread_create'
collect2: error: ld returned 1 exit status
CMakeFiles/cmTC_265f7.dir/build.make:97: recipe for target 'cmTC_265f7' failed
make[1]: *** [cmTC_265f7] Error 1
make[1]: Leaving directory '/home/tang/backup2/build/CMakeFiles/CMakeTmp'
Makefile:126: recipe for target 'cmTC_265f7/fast' failed
make: *** [cmTC_265f7/fast] Error 2

File /home/tang/backup2/build/CMakeFiles/CMakeTmp/CheckSymbolExists.c:
/* */
#include <pthread.h>

int main(int argc, char** argv)
{
  (void)argv;
#ifndef pthread_create
  return ((int*)(&pthread_create))[argc];
#else
  (void)argc;
  return 0;
#endif
}

Determining if the function pthread_create exists in the pthreads failed with the following output:
Change Dir: /home/tang/backup2/build/CMakeFiles/CMakeTmp

Run Build Command:"/usr/bin/make" "cmTC_4066a/fast"
/usr/bin/make -f CMakeFiles/cmTC_4066a.dir/build.make CMakeFiles/cmTC_4066a.dir/build
make[1]: Entering directory '/home/tang/backup2/build/CMakeFiles/CMakeTmp'
Building C object CMakeFiles/cmTC_4066a.dir/CheckFunctionExists.c.o
/usr/bin/cc    -DCHECK_FUNCTION_EXISTS=pthread_create   -o CMakeFiles/cmTC_4066a.dir/CheckFunctionExists.c.o   -c /usr/share/cmake-3.5/Modules/CheckFunctionExists.c
Linking C executable cmTC_4066a
/usr/bin/cmake -E cmake_link_script CMakeFiles/cmTC_4066a.dir/link.txt --verbose=1
/usr/bin/cc   -DCHECK_FUNCTION_EXISTS=pthread_create    CMakeFiles/cmTC_4066a.dir/CheckFunctionExists.c.o  -o cmTC_4066a -rdynamic -lpthreads 
/usr/bin/ld: cannot find -lpthreads
collect2: error: ld returned 1 exit status
CMakeFiles/cmTC_4066a.dir/build.make:97: recipe for target 'cmTC_4066a' failed
make[1]: *** [cmTC_4066a] Error 1
make[1]: Leaving directory '/home/tang/backup2/build/CMakeFiles/CMakeTmp'
Makefile:126: recipe for target 'cmTC_4066a/fast' failed
make: *** [cmTC_4066a/fast] Error 2


